<?xml version="1.0" encoding="UTF-8"?>
<!-- Generated by org.testng.reporters.JUnitReportReporter -->
<testsuite hostname="LSTKTR242584" failures="0" tests="2" name="Academy.HomePage" time="10.029" errors="0" timestamp="2021-10-26T17:19:34 CDT" skipped="0">
  <testcase classname="Academy.HomePage" name="basePageNavigation" time="7.578"/>
  <system-out/>
  <testcase classname="Academy.HomePage" name="basePageNavigation" time="2.451"/>
  <system-out/>
</testsuite> <!-- Academy.HomePage -->
