<?xml version="1.0" encoding="UTF-8"?>
<!-- Generated by org.testng.reporters.JUnitReportReporter -->
<testsuite hostname="LSTKTR242584" failures="0" tests="1" name="Academy.validateNavigationBar" time="0.059" errors="0" timestamp="2021-10-26T17:19:34 CDT" skipped="0">
  <testcase classname="Academy.validateNavigationBar" name="validateAppNavBar" time="0.059"/>
  <system-out/>
</testsuite> <!-- Academy.validateNavigationBar -->
