<?xml version="1.0" encoding="UTF-8"?>
<!-- Generated by org.testng.reporters.JUnitReportReporter -->
<testsuite hostname="DESKTOP-B84MFDV" failures="0" tests="1" name="Academy.AppTest" time="0.004" errors="0" timestamp="2021-10-18T12:01:18 CDT" skipped="0">
  <testcase classname="Academy.AppTest" name="shouldAnswerWithTrue" time="0.004"/>
  <system-out/>
</testsuite> <!-- Academy.AppTest -->
