<?xml version="1.0" encoding="UTF-8"?>
<!-- Generated by org.testng.reporters.JUnitReportReporter -->
<testsuite hostname="DESKTOP-B84MFDV" failures="0" tests="2" name="org.example.AppiumTest" time="0.027" errors="0" timestamp="2021-10-07T18:13:10 CDT" skipped="0">
  <testcase classname="org.example.AppiumTest" name="NativeAppAndroid" time="0.013"/>
  <system-out/>
  <testcase classname="org.example.AppiumTest" name="IOSApps" time="0.014"/>
  <system-out/>
</testsuite> <!-- org.example.AppiumTest -->
