<?xml version="1.0" encoding="UTF-8"?>
<!-- Generated by org.testng.reporters.JUnitReportReporter -->
<testsuite hostname="DESKTOP-B84MFDV" failures="0" tests="2" name="org.example.RESTAPITest" time="0.001" errors="0" timestamp="2021-10-07T18:13:10 CDT" skipped="0">
  <testcase classname="org.example.RESTAPITest" name="deleteTwitter" time="0.000"/>
  <system-out/>
  <testcase classname="org.example.RESTAPITest" name="postJira" time="0.001"/>
  <system-out/>
</testsuite> <!-- org.example.RESTAPITest -->
