<?xml version="1.0" encoding="UTF-8"?>
<!-- Generated by org.testng.reporters.JUnitReportReporter -->
<testsuite skipped="0" hostname="DESKTOP-B84MFDV" name="TestCases" tests="1" failures="0" timestamp="2021-10-07T17:29:15 CDT" time="0.006" errors="0">
  <testcase name="test1" time="0.006" classname="TestCases"/>
  <system-out/>
</testsuite> <!-- TestCases -->
