<?xml version="1.0" encoding="UTF-8"?>
<!-- Generated by org.testng.reporters.JUnitReportReporter -->
<testsuite hostname="LSTKTR242584" failures="0" tests="6" name="Test.ThirdTutorial" time="0.011" errors="0" timestamp="2021-10-04T22:09:21 CDT" skipped="0">
  <testcase classname="Test.ThirdTutorial" name="WebLoginCarLoanParameter" time="0.002"/>
  <system-out/>
  <testcase classname="Test.ThirdTutorial" name="WebLoginCarLoan" time="0.005"/>
  <system-out/>
  <testcase classname="Test.ThirdTutorial" name="getDataFromMethod" time="0.001"/>
  <system-out/>
  <testcase classname="Test.ThirdTutorial" name="LoginAPICarLoan" time="0.001"/>
  <system-out/>
  <testcase classname="Test.ThirdTutorial" name="getDataFromMethod" time="0.001"/>
  <system-out/>
  <testcase classname="Test.ThirdTutorial" name="getDataFromMethod" time="0.001"/>
  <system-out/>
</testsuite> <!-- Test.ThirdTutorial -->
