<?xml version="1.0" encoding="UTF-8"?>
<!-- Generated by org.testng.reporters.JUnitReportReporter -->
<testsuite hostname="LSTKTR242584" failures="0" tests="2" name="Test.SecondTutorial" time="0.003" errors="0" timestamp="2021-10-04T22:09:21 CDT" skipped="0">
  <testcase classname="Test.SecondTutorial" name="ThirdTutorial" time="0.002"/>
  <system-out/>
  <testcase classname="Test.SecondTutorial" name="ploan" time="0.001"/>
  <system-out/>
</testsuite> <!-- Test.SecondTutorial -->
